Flow report for rv_single
Wed May 31 12:41:20 2023
Quartus Prime Version 22.1std.0 Build 915 10/25/2022 SC Lite Edition


---------------------
; Table of Contents ;
---------------------
  1. Legal Notice
  2. Flow Summary
  3. Flow Settings
  4. Flow Non-Default Global Settings
  5. Flow Elapsed Time
  6. Flow OS Summary
  7. Flow Log
  8. Flow Messages
  9. Flow Suppressed Messages



----------------
; Legal Notice ;
----------------
Copyright (C) 2022  Intel Corporation. All rights reserved.
Your use of Intel Corporation's design tools, logic functions 
and other software and tools, and any partner logic 
functions, and any output files from any of the foregoing 
(including device programming or simulation files), and any 
associated documentation or information are expressly subject 
to the terms and conditions of the Intel Program License 
Subscription Agreement, the Intel Quartus Prime License Agreement,
the Intel FPGA IP License Agreement, or other applicable license
agreement, including, without limitation, that your use is for
the sole purpose of programming logic devices manufactured by
Intel and sold by Intel or its authorized distributors.  Please
refer to the applicable agreement for further details, at
https://fpgasoftware.intel.com/eula.



+----------------------------------------------------------------------------------+
; Flow Summary                                                                     ;
+---------------------------------+------------------------------------------------+
; Flow Status                     ; Successful - Wed May 31 12:41:20 2023          ;
; Quartus Prime Version           ; 22.1std.0 Build 915 10/25/2022 SC Lite Edition ;
; Revision Name                   ; rv_single                                      ;
; Top-level Entity Name           ; rv_single                                      ;
; Family                          ; Cyclone V                                      ;
; Device                          ; 5CSEBA6U23I7                                   ;
; Timing Models                   ; Final                                          ;
; Logic utilization (in ALMs)     ; 2,821 / 41,910 ( 7 % )                         ;
; Total registers                 ; 2118                                           ;
; Total pins                      ; 43 / 314 ( 14 % )                              ;
; Total virtual pins              ; 0                                              ;
; Total block memory bits         ; 4,194,304 / 5,662,720 ( 74 % )                 ;
; Total DSP Blocks                ; 0 / 112 ( 0 % )                                ;
; Total HSSI RX PCSs              ; 0                                              ;
; Total HSSI PMA RX Deserializers ; 0                                              ;
; Total HSSI TX PCSs              ; 0                                              ;
; Total HSSI PMA TX Serializers   ; 0                                              ;
; Total PLLs                      ; 0 / 6 ( 0 % )                                  ;
; Total DLLs                      ; 0 / 4 ( 0 % )                                  ;
+---------------------------------+------------------------------------------------+


+-----------------------------------------+
; Flow Settings                           ;
+-------------------+---------------------+
; Option            ; Setting             ;
+-------------------+---------------------+
; Start date & time ; 05/31/2023 12:13:12 ;
; Main task         ; Compilation         ;
; Revision Name     ; rv_single           ;
+-------------------+---------------------+


+--------------------------------------------------------------------------------------------------------------------------------------------------------------+
; Flow Non-Default Global Settings                                                                                                                             ;
+---------------------------------------------------+----------------------------------------+---------------+-------------+-----------------------------------+
; Assignment Name                                   ; Value                                  ; Default Value ; Entity Name ; Section Id                        ;
+---------------------------------------------------+----------------------------------------+---------------+-------------+-----------------------------------+
; ALLOW_ANY_RAM_SIZE_FOR_RECOGNITION                ; On                                     ; Off           ; --          ; --                                ;
; AUTO_RESOURCE_SHARING                             ; On                                     ; Off           ; --          ; --                                ;
; COMPILER_SIGNATURE_ID                             ; 1096242495713.168552799114168          ; --            ; --          ; --                                ;
; EDA_ENABLE_GLITCH_FILTERING                       ; On                                     ; --            ; --          ; eda_simulation                    ;
; EDA_GENERATE_FUNCTIONAL_NETLIST                   ; Off                                    ; --            ; --          ; eda_board_design_timing           ;
; EDA_GENERATE_FUNCTIONAL_NETLIST                   ; Off                                    ; --            ; --          ; eda_board_design_boundary_scan    ;
; EDA_GENERATE_FUNCTIONAL_NETLIST                   ; Off                                    ; --            ; --          ; eda_board_design_signal_integrity ;
; EDA_GENERATE_FUNCTIONAL_NETLIST                   ; Off                                    ; --            ; --          ; eda_board_design_symbol           ;
; EDA_GENERATE_RTL_SIMULATION_COMMAND_SCRIPT        ; On                                     ; --            ; --          ; eda_simulation                    ;
; EDA_OUTPUT_DATA_FORMAT                            ; Verilog Hdl                            ; --            ; --          ; eda_simulation                    ;
; EDA_RUN_TOOL_AUTOMATICALLY                        ; On                                     ; --            ; --          ; eda_simulation                    ;
; EDA_SIMULATION_TOOL                               ; ModelSim (Verilog)                     ; <None>        ; --          ; --                                ;
; EDA_TIME_SCALE                                    ; 1 ps                                   ; --            ; --          ; eda_simulation                    ;
; EDA_USER_COMPILED_SIMULATION_LIBRARY_DIRECTORY    ; E:/Thesis/Sim                          ; --            ; --          ; eda_simulation                    ;
; ENABLE_SIGNALTAP                                  ; Off                                    ; --            ; --          ; --                                ;
; FLOW_ENABLE_RTL_VIEWER                            ; On                                     ; Off           ; --          ; --                                ;
; HDL_MESSAGE_LEVEL                                 ; Level3                                 ; Level2        ; --          ; --                                ;
; MAX_CORE_JUNCTION_TEMP                            ; 100                                    ; --            ; --          ; --                                ;
; MIN_CORE_JUNCTION_TEMP                            ; -40                                    ; --            ; --          ; --                                ;
; PARTITION_COLOR                                   ; -- (Not supported for targeted family) ; --            ; --          ; Top                               ;
; PARTITION_FITTER_PRESERVATION_LEVEL               ; -- (Not supported for targeted family) ; --            ; --          ; Top                               ;
; PARTITION_NETLIST_TYPE                            ; -- (Not supported for targeted family) ; --            ; --          ; Top                               ;
; PHYSICAL_SYNTHESIS_ASYNCHRONOUS_SIGNAL_PIPELINING ; On                                     ; Off           ; --          ; --                                ;
; PHYSICAL_SYNTHESIS_COMBO_LOGIC                    ; On                                     ; Off           ; --          ; --                                ;
; PHYSICAL_SYNTHESIS_COMBO_LOGIC_FOR_AREA           ; On                                     ; Off           ; --          ; --                                ;
; PHYSICAL_SYNTHESIS_REGISTER_DUPLICATION           ; On                                     ; Off           ; --          ; --                                ;
; PHYSICAL_SYNTHESIS_REGISTER_RETIMING              ; On                                     ; Off           ; --          ; --                                ;
; POWER_BOARD_THERMAL_MODEL                         ; None (CONSERVATIVE)                    ; --            ; --          ; --                                ;
; POWER_PRESET_COOLING_SOLUTION                     ; 23 MM HEAT SINK WITH 200 LFPM AIRFLOW  ; --            ; --          ; --                                ;
; PROJECT_OUTPUT_DIRECTORY                          ; output_files                           ; --            ; --          ; --                                ;
; ROUTER_TIMING_OPTIMIZATION_LEVEL                  ; MAXIMUM                                ; Normal        ; --          ; --                                ;
; SMART_RECOMPILE                                   ; On                                     ; Off           ; --          ; --                                ;
; SYNTH_MESSAGE_LEVEL                               ; High                                   ; Medium        ; --          ; --                                ;
; USE_SIGNALTAP_FILE                                ; stp.stp                                ; --            ; --          ; --                                ;
; VERILOG_INPUT_VERSION                             ; SystemVerilog_2005                     ; Verilog_2001  ; --          ; --                                ;
; VERILOG_SHOW_LMF_MAPPING_MESSAGES                 ; Off                                    ; --            ; --          ; --                                ;
; VHDL_INPUT_VERSION                                ; VHDL_2008                              ; VHDL_1993     ; --          ; --                                ;
; VHDL_SHOW_LMF_MAPPING_MESSAGES                    ; Off                                    ; --            ; --          ; --                                ;
+---------------------------------------------------+----------------------------------------+---------------+-------------+-----------------------------------+


+--------------------------------------------------------------------------------------------------------------------------+
; Flow Elapsed Time                                                                                                        ;
+----------------------+--------------+-------------------------+---------------------+------------------------------------+
; Module Name          ; Elapsed Time ; Average Processors Used ; Peak Virtual Memory ; Total CPU Time (on all processors) ;
+----------------------+--------------+-------------------------+---------------------+------------------------------------+
; Analysis & Synthesis ; 00:04:48     ; 1.0                     ; 5197 MB             ; 00:03:21                           ;
; Fitter               ; 00:05:00     ; 1.3                     ; 6861 MB             ; 00:04:54                           ;
; Timing Analyzer      ; 00:00:53     ; 3.2                     ; 6286 MB             ; 00:02:01                           ;
; Assembler            ; 00:00:13     ; 1.0                     ; 4951 MB             ; 00:00:08                           ;
; Total                ; 00:10:54     ; --                      ; --                  ; 00:10:24                           ;
+----------------------+--------------+-------------------------+---------------------+------------------------------------+


+-------------------------------------------------------------------------------------+
; Flow OS Summary                                                                     ;
+----------------------+-------------------+------------+------------+----------------+
; Module Name          ; Machine Hostname  ; OS Name    ; OS Version ; Processor type ;
+----------------------+-------------------+------------+------------+----------------+
; Analysis & Synthesis ; M930Q-ThinkCenter ; Windows 10 ; 10.0       ; x86_64         ;
; Fitter               ; M930Q-ThinkCenter ; Windows 10 ; 10.0       ; x86_64         ;
; Timing Analyzer      ; M930Q-ThinkCenter ; Windows 10 ; 10.0       ; x86_64         ;
; Assembler            ; M930Q-ThinkCenter ; Windows 10 ; 10.0       ; x86_64         ;
+----------------------+-------------------+------------+------------+----------------+


------------
; Flow Log ;
------------
quartus_map --read_settings_files=on --write_settings_files=off rv_single -c rv_single
quartus_fit --read_settings_files=off --write_settings_files=off rv_single -c rv_single
quartus_sta rv_single -c rv_single
quartus_asm --read_settings_files=on --write_settings_files=off rv_single -c rv_single



